<?xml version="1.0" encoding="UTF-8"?>
<coverage generated="1724958428200" clover="3.2.0">
  <project timestamp="1724958428200" name="All files">
    <metrics statements="18" coveredstatements="15" conditionals="3" coveredconditionals="2" methods="5" coveredmethods="3" elements="26" coveredelements="20" complexity="0" loc="18" ncloc="18" packages="2" files="3" classes="3"/>
    <package name="components.Button">
      <metrics statements="2" coveredstatements="2" conditionals="0" coveredconditionals="0" methods="1" coveredmethods="1"/>
      <file name="ButtonSubmit.jsx" path="C:\IT PROJECTS\lipna\src\components\Button\ButtonSubmit.jsx">
        <metrics statements="2" coveredstatements="2" conditionals="0" coveredconditionals="0" methods="1" coveredmethods="1"/>
        <line num="6" count="1" type="stmt"/>
        <line num="7" count="5" type="stmt"/>
      </file>
    </package>
    <package name="pages.Contact">
      <metrics statements="16" coveredstatements="13" conditionals="3" coveredconditionals="2" methods="4" coveredmethods="2"/>
      <file name="Form.jsx" path="C:\IT PROJECTS\lipna\src\pages\Contact\Form.jsx">
        <metrics statements="5" coveredstatements="2" conditionals="3" coveredconditionals="2" methods="3" coveredmethods="1"/>
        <line num="7" count="1" type="stmt"/>
        <line num="13" count="5" type="stmt"/>
        <line num="69" count="0" type="stmt"/>
        <line num="70" count="0" type="stmt"/>
        <line num="73" count="0" type="stmt"/>
      </file>
      <file name="resizeFiles.js" path="C:\IT PROJECTS\lipna\src\pages\Contact\resizeFiles.js">
        <metrics statements="11" coveredstatements="11" conditionals="0" coveredconditionals="0" methods="1" coveredmethods="1"/>
        <line num="3" count="1" type="stmt"/>
        <line num="4" count="3" type="stmt"/>
        <line num="6" count="3" type="stmt"/>
        <line num="11" count="3" type="stmt"/>
        <line num="12" count="4" type="stmt"/>
        <line num="13" count="4" type="stmt"/>
        <line num="14" count="3" type="stmt"/>
        <line num="18" count="3" type="stmt"/>
        <line num="20" count="1" type="stmt"/>
        <line num="24" count="3" type="stmt"/>
        <line num="26" count="3" type="stmt"/>
      </file>
    </package>
  </project>
</coverage>
