{"C:\\IT PROJECTS\\lipna\\src\\components\\Button\\ButtonSubmit.jsx": {"path":"C:\\IT PROJECTS\\lipna\\src\\components\\Button\\ButtonSubmit.jsx","statementMap":{"0":{"start":{"line":6,"column":28},"end":{"line":15,"column":1}},"1":{"start":{"line":7,"column":2},"end":{"line":14,"column":4}}},"fnMap":{"0":{"name":"(anonymous_0)","decl":{"start":{"line":6,"column":28},"end":{"line":6,"column":29}},"loc":{"start":{"line":6,"column":42},"end":{"line":15,"column":1}},"line":6}},"branchMap":{},"s":{"0":1,"1":5},"f":{"0":5},"b":{},"_coverageSchema":"1a1c01bbd47fc00a2c39e90264f33305004495a9","hash":"15cfb6f65519d23644dc2ccc550f533616539a79"}
,"C:\\IT PROJECTS\\lipna\\src\\pages\\Contact\\Form.jsx": {"path":"C:\\IT PROJECTS\\lipna\\src\\pages\\Contact\\Form.jsx","statementMap":{"0":{"start":{"line":7,"column":20},"end":{"line":86,"column":1}},"1":{"start":{"line":13,"column":2},"end":{"line":85,"column":4}},"2":{"start":{"line":69,"column":29},"end":{"line":69,"column":71}},"3":{"start":{"line":70,"column":12},"end":{"line":77,"column":14}},"4":{"start":{"line":73,"column":53},"end":{"line":73,"column":71}}},"fnMap":{"0":{"name":"(anonymous_0)","decl":{"start":{"line":7,"column":20},"end":{"line":7,"column":21}},"loc":{"start":{"line":12,"column":6},"end":{"line":86,"column":1}},"line":12},"1":{"name":"(anonymous_1)","decl":{"start":{"line":68,"column":21},"end":{"line":68,"column":22}},"loc":{"start":{"line":68,"column":44},"end":{"line":78,"column":11}},"line":68},"2":{"name":"(anonymous_2)","decl":{"start":{"line":73,"column":47},"end":{"line":73,"column":48}},"loc":{"start":{"line":73,"column":53},"end":{"line":73,"column":71}},"line":73}},"branchMap":{"0":{"loc":{"start":{"line":8,"column":2},"end":{"line":8,"column":12}},"type":"default-arg","locations":[{"start":{"line":8,"column":10},"end":{"line":8,"column":12}}],"line":8},"1":{"loc":{"start":{"line":53,"column":11},"end":{"line":55,"column":29}},"type":"cond-expr","locations":[{"start":{"line":54,"column":14},"end":{"line":54,"column":47}},{"start":{"line":55,"column":14},"end":{"line":55,"column":29}}],"line":53}},"s":{"0":1,"1":5,"2":0,"3":0,"4":0},"f":{"0":5,"1":0,"2":0},"b":{"0":[5],"1":[0,5]},"_coverageSchema":"1a1c01bbd47fc00a2c39e90264f33305004495a9","hash":"644d1cfc01bb1b5c8af3aeaee8933eecd16dae13"}
,"C:\\IT PROJECTS\\lipna\\src\\pages\\Contact\\resizeFiles.js": {"path":"C:\\IT PROJECTS\\lipna\\src\\pages\\Contact\\resizeFiles.js","statementMap":{"0":{"start":{"line":3,"column":27},"end":{"line":27,"column":1}},"1":{"start":{"line":4,"column":24},"end":{"line":4,"column":26}},"2":{"start":{"line":6,"column":18},"end":{"line":9,"column":3}},"3":{"start":{"line":11,"column":2},"end":{"line":22,"column":3}},"4":{"start":{"line":12,"column":4},"end":{"line":21,"column":5}},"5":{"start":{"line":13,"column":29},"end":{"line":13,"column":66}},"6":{"start":{"line":14,"column":29},"end":{"line":17,"column":8}},"7":{"start":{"line":18,"column":6},"end":{"line":18,"column":43}},"8":{"start":{"line":20,"column":6},"end":{"line":20,"column":67}},"9":{"start":{"line":24,"column":2},"end":{"line":24,"column":51}},"10":{"start":{"line":26,"column":2},"end":{"line":26,"column":25}}},"fnMap":{"0":{"name":"(anonymous_0)","decl":{"start":{"line":3,"column":27},"end":{"line":3,"column":28}},"loc":{"start":{"line":3,"column":59},"end":{"line":27,"column":1}},"line":3}},"branchMap":{},"s":{"0":1,"1":3,"2":3,"3":3,"4":4,"5":4,"6":3,"7":3,"8":1,"9":3,"10":3},"f":{"0":3},"b":{},"_coverageSchema":"1a1c01bbd47fc00a2c39e90264f33305004495a9","hash":"edcb257c72d508f586d857a8aeb37cdcf163a7de"}
}
