TN:
SF:src\components\Button\ButtonSubmit.jsx
FN:6,(anonymous_0)
FNF:1
FNH:1
FNDA:5,(anonymous_0)
DA:6,1
DA:7,5
LF:2
LH:2
BRF:0
BRH:0
end_of_record
TN:
SF:src\pages\Contact\Form.jsx
FN:7,(anonymous_0)
FN:68,(anonymous_1)
FN:73,(anonymous_2)
FNF:3
FNH:1
FNDA:5,(anonymous_0)
FNDA:0,(anonymous_1)
FNDA:0,(anonymous_2)
DA:7,1
DA:13,5
DA:69,0
DA:70,0
DA:73,0
LF:5
LH:2
BRDA:8,0,0,5
BRDA:53,1,0,0
BRDA:53,1,1,5
BRF:3
BRH:2
end_of_record
TN:
SF:src\pages\Contact\resizeFiles.js
FN:3,(anonymous_0)
FNF:1
FNH:1
FNDA:3,(anonymous_0)
DA:3,1
DA:4,3
DA:6,3
DA:11,3
DA:12,4
DA:13,4
DA:14,3
DA:18,3
DA:20,1
DA:24,3
DA:26,3
LF:11
LH:11
BRF:0
BRH:0
end_of_record
